<?xml version="1.0" encoding="UTF-8"?>
<testExecutions version="1">
    <file path="C:\Users\shril\Desktop\tasks\hmtask1\tests\controllers\index.test.js">
    </file>
</testExecutions>